[22:15:16] [Render thread/INFO] [co.sc.cl.ClientEventHandlers/]: Update button clicked for server: 127.0.0.1:25566
[22:15:16] [pool-36-thread-1/INFO] [co.sc.cl.up.UpdateCoordinator/]: Starting mod download from: http://127.0.0.1:25566/mods.zip
[22:15:16] [pool-36-thread-1/INFO] [co.sc.cl.up.UpdateCoordinator/]: Connecting to http://127.0.0.1:25566/mods.zip - Response Code: 200
[22:15:16] [pool-36-thread-1/INFO] [co.sc.cl.up.UpdateCoordinator/]: Using modId sync extraction for mods
[22:15:16] [pool-36-thread-1/INFO] [co.sc.cl.up.UpdateCoordinator/]: Indexed 247 modIds in mods
[22:15:16] [pool-36-thread-1/INFO] [co.sc.cl.up.UpdateCoordinator/]: Zip entry lootr-neoforge-1.21.1-1.11.36.114.jar has modId(s): lootr
[22:15:16] [pool-36-thread-1/INFO] [co.sc.cl.up.UpdateCoordinator/]: Zip entry attributefix-neoforge-1.21.1-21.1.3.jar has modId(s): attributefix
[22:15:16] [pool-36-thread-1/INFO] [co.sc.cl.up.UpdateCoordinator/]: Zip entry emi_ores-1.2+1.21.1+neoforge.jar has modId(s): emi_ores
[22:15:16] [pool-36-thread-1/INFO] [co.sc.cl.up.UpdateCoordinator/]: Zip entry emi_enchanting-0.1.2+1.21+neoforge.jar has modId(s): emi_enchanting
[22:15:16] [pool-36-thread-1/INFO] [co.sc.cl.up.UpdateCoordinator/]: Zip entry emiffect-neoforge-2.1.5+mc1.21.1.jar has modId(s): emiffect
[22:15:16] [pool-36-thread-1/INFO] [co.sc.cl.up.UpdateCoordinator/]: Zip entry accessories_compat_layer-neoforge-0.1.10+1.21.1.jar has modId(s): tclayer, accessories_compat_layer, cclayer
[22:15:16] [pool-36-thread-1/INFO] [co.sc.cl.up.UpdateCoordinator/]: Zip entry clickthrough-plus-neoforge-3.5.0+1.21.1.jar has modId(s): clickthrough
[22:15:16] [pool-36-thread-1/INFO] [co.sc.cl.up.UpdateCoordinator/]: Zip entry terra_curio-1.1.2.jar has modId(s): terra_curio
[22:15:16] [pool-36-thread-1/INFO] [co.sc.cl.up.UpdateCoordinator/]: Zip entry quickstack-1.21.1-neoforge-1.0.3.jar has modId(s): quickstack
[22:15:16] [pool-36-thread-1/INFO] [co.sc.cl.up.UpdateCoordinator/]: Zip entry inventorysorter-1.21.1-24.0.24.jar has modId(s): inventorysorter
[22:15:16] [pool-36-thread-1/INFO] [co.sc.cl.up.UpdateCoordinator/]: Zip entry InventoryProfilesNext-neoforge-1.21.1-2.2.3.jar has modId(s): inventoryprofilesnext
[22:15:16] [pool-36-thread-1/INFO] [co.sc.cl.up.UpdateCoordinator/]: Zip entry libIPN-neoforge-1.21.1-6.6.2.jar has modId(s): libipn
[22:15:16] [pool-36-thread-1/INFO] [co.sc.cl.up.UpdateCoordinator/]: Zip entry EnchantingInfuser-v21.1.3-1.21.1-NeoForge.jar has modId(s): enchantinginfuser
[22:15:16] [pool-36-thread-1/INFO] [co.sc.cl.up.UpdateCoordinator/]: Zip entry expanded-weapon-enchantings-1.0.jar has modId(s): mr_expanded_weaponenchantings
[22:15:16] [pool-36-thread-1/INFO] [co.sc.cl.up.UpdateCoordinator/]: Zip entry disenchanting_table-merged-1.21.1-5.0.2.jar has modId(s): disenchanting_table
[22:15:16] [pool-36-thread-1/INFO] [co.sc.cl.up.UpdateCoordinator/]: Zip entry monolib-neoforge-1.21.1-2.1.0.jar has modId(s): monolib
[22:15:16] [pool-36-thread-1/INFO] [co.sc.cl.up.UpdateCoordinator/]: Zip entry scs-1.0.0.jar has modId(s): scs
[22:15:22] [Render thread/INFO] [co.sc.cl.ClientEventHandlers/]: Multiplayer screen initialized. Adding server buttons.
